time="2025-08-08T19:37:30Z" level=info msg="Server ready. Accepting connections."
time="2025-08-08T19:37:30Z" level=warning msg="secure_file_priv is set to \"\", which is insecure."
time="2025-08-08T19:37:30Z" level=warning msg="Any user with GRANT FILE privileges will be able to read any file which the sql-server process can read."
time="2025-08-08T19:37:30Z" level=warning msg="Please consider restarting the server with secure_file_priv set to a safe (or non-existent) directory."
time="2025-08-08T19:37:30Z" level=info msg=NewConnection DisableClientMultiStatements=false connectionID=1
DEBUG: About to set Max1Row flag in getCostedIndexScan
time="2025-08-08T19:37:30Z" level=info msg="Server closing listener. No longer accepting connections."
time="2025-08-08T19:37:30Z" level=info msg="Server ready. Accepting connections."
time="2025-08-08T19:37:30Z" level=warning msg="secure_file_priv is set to \"\", which is insecure."
time="2025-08-08T19:37:30Z" level=warning msg="Any user with GRANT FILE privileges will be able to read any file which the sql-server process can read."
time="2025-08-08T19:37:30Z" level=warning msg="Please consider restarting the server with secure_file_priv set to a safe (or non-existent) directory."
time="2025-08-08T19:37:30Z" level=info msg=NewConnection DisableClientMultiStatements=false connectionID=1
time="2025-08-08T19:37:30Z" level=info msg="Server closing listener. No longer accepting connections."
time="2025-08-08T19:37:30Z" level=info msg="Server ready. Accepting connections."
time="2025-08-08T19:37:30Z" level=warning msg="secure_file_priv is set to \"\", which is insecure."
time="2025-08-08T19:37:30Z" level=warning msg="Any user with GRANT FILE privileges will be able to read any file which the sql-server process can read."
time="2025-08-08T19:37:30Z" level=warning msg="Please consider restarting the server with secure_file_priv set to a safe (or non-existent) directory."
time="2025-08-08T19:37:30Z" level=info msg=NewConnection DisableClientMultiStatements=false connectionID=1
time="2025-08-08T19:37:30Z" level=info msg="Server closing listener. No longer accepting connections."
time="2025-08-08T19:37:30Z" level=info msg="Server ready. Accepting connections."
time="2025-08-08T19:37:30Z" level=warning msg="secure_file_priv is set to \"\", which is insecure."
time="2025-08-08T19:37:30Z" level=warning msg="Any user with GRANT FILE privileges will be able to read any file which the sql-server process can read."
time="2025-08-08T19:37:30Z" level=warning msg="Please consider restarting the server with secure_file_priv set to a safe (or non-existent) directory."
time="2025-08-08T19:37:30Z" level=info msg=NewConnection DisableClientMultiStatements=false connectionID=1
time="2025-08-08T19:37:30Z" level=info msg="Server closing listener. No longer accepting connections."
time="2025-08-08T19:37:30Z" level=info msg="Server ready. Accepting connections."
time="2025-08-08T19:37:30Z" level=warning msg="secure_file_priv is set to \"\", which is insecure."
time="2025-08-08T19:37:30Z" level=warning msg="Any user with GRANT FILE privileges will be able to read any file which the sql-server process can read."
time="2025-08-08T19:37:30Z" level=warning msg="Please consider restarting the server with secure_file_priv set to a safe (or non-existent) directory."
time="2025-08-08T19:37:30Z" level=info msg=NewConnection DisableClientMultiStatements=false connectionID=1
time="2025-08-08T19:37:30Z" level=info msg="Server closing listener. No longer accepting connections."
time="2025-08-08T19:37:30Z" level=info msg="Server ready. Accepting connections."
time="2025-08-08T19:37:30Z" level=warning msg="secure_file_priv is set to \"\", which is insecure."
time="2025-08-08T19:37:30Z" level=warning msg="Any user with GRANT FILE privileges will be able to read any file which the sql-server process can read."
time="2025-08-08T19:37:30Z" level=warning msg="Please consider restarting the server with secure_file_priv set to a safe (or non-existent) directory."
time="2025-08-08T19:37:30Z" level=info msg=NewConnection DisableClientMultiStatements=false connectionID=1
time="2025-08-08T19:37:30Z" level=info msg="Server closing listener. No longer accepting connections."
time="2025-08-08T19:37:30Z" level=info msg="Server ready. Accepting connections."
time="2025-08-08T19:37:30Z" level=warning msg="secure_file_priv is set to \"\", which is insecure."
time="2025-08-08T19:37:30Z" level=warning msg="Any user with GRANT FILE privileges will be able to read any file which the sql-server process can read."
time="2025-08-08T19:37:30Z" level=warning msg="Please consider restarting the server with secure_file_priv set to a safe (or non-existent) directory."
time="2025-08-08T19:37:30Z" level=info msg=NewConnection DisableClientMultiStatements=false connectionID=1
time="2025-08-08T19:37:30Z" level=info msg="Server closing listener. No longer accepting connections."
time="2025-08-08T19:37:30Z" level=info msg="Server ready. Accepting connections."
time="2025-08-08T19:37:30Z" level=warning msg="secure_file_priv is set to \"\", which is insecure."
time="2025-08-08T19:37:30Z" level=warning msg="Any user with GRANT FILE privileges will be able to read any file which the sql-server process can read."
time="2025-08-08T19:37:30Z" level=warning msg="Please consider restarting the server with secure_file_priv set to a safe (or non-existent) directory."
time="2025-08-08T19:37:30Z" level=info msg=NewConnection DisableClientMultiStatements=false connectionID=1
time="2025-08-08T19:37:30Z" level=info msg="Server closing listener. No longer accepting connections."
time="2025-08-08T19:37:30Z" level=info msg="Server ready. Accepting connections."
time="2025-08-08T19:37:30Z" level=warning msg="secure_file_priv is set to \"\", which is insecure."
time="2025-08-08T19:37:30Z" level=warning msg="Any user with GRANT FILE privileges will be able to read any file which the sql-server process can read."
time="2025-08-08T19:37:30Z" level=warning msg="Please consider restarting the server with secure_file_priv set to a safe (or non-existent) directory."
time="2025-08-08T19:37:30Z" level=info msg=NewConnection DisableClientMultiStatements=false connectionID=1
DEBUG: About to set Max1Row flag in getCostedIndexScan
DEBUG: About to set Max1Row flag in getCostedIndexScan
time="2025-08-08T19:37:30Z" level=info msg="Server closing listener. No longer accepting connections."
time="2025-08-08T19:37:30Z" level=info msg="Server ready. Accepting connections."
time="2025-08-08T19:37:30Z" level=warning msg="secure_file_priv is set to \"\", which is insecure."
time="2025-08-08T19:37:30Z" level=warning msg="Any user with GRANT FILE privileges will be able to read any file which the sql-server process can read."
time="2025-08-08T19:37:30Z" level=warning msg="Please consider restarting the server with secure_file_priv set to a safe (or non-existent) directory."
time="2025-08-08T19:37:30Z" level=info msg=NewConnection DisableClientMultiStatements=false connectionID=1
time="2025-08-08T19:37:30Z" level=info msg="Server closing listener. No longer accepting connections."
time="2025-08-08T19:37:30Z" level=info msg="Server ready. Accepting connections."
time="2025-08-08T19:37:30Z" level=warning msg="secure_file_priv is set to \"\", which is insecure."
time="2025-08-08T19:37:30Z" level=warning msg="Any user with GRANT FILE privileges will be able to read any file which the sql-server process can read."
time="2025-08-08T19:37:30Z" level=warning msg="Please consider restarting the server with secure_file_priv set to a safe (or non-existent) directory."
time="2025-08-08T19:37:30Z" level=info msg=NewConnection DisableClientMultiStatements=false connectionID=1
time="2025-08-08T19:37:30Z" level=info msg="Server closing listener. No longer accepting connections."
time="2025-08-08T19:37:30Z" level=info msg="Server ready. Accepting connections."
time="2025-08-08T19:37:30Z" level=warning msg="secure_file_priv is set to \"\", which is insecure."
time="2025-08-08T19:37:30Z" level=warning msg="Any user with GRANT FILE privileges will be able to read any file which the sql-server process can read."
time="2025-08-08T19:37:30Z" level=warning msg="Please consider restarting the server with secure_file_priv set to a safe (or non-existent) directory."
time="2025-08-08T19:37:30Z" level=info msg=NewConnection DisableClientMultiStatements=false connectionID=1
time="2025-08-08T19:37:30Z" level=error msg="CreateSavepoint failed" connectTime="2025-08-08 19:37:30.986800618 +0000 UTC m=+0.689165542" connectionDb=mydb connectionID=1 error="savepoints are not supported in memory sessions"
time="2025-08-08T19:37:30Z" level=error msg="Unexpected error when calling ReleaseSavepoint during triggerRollbackIter.Close()" connectTime="2025-08-08 19:37:30.986800618 +0000 UTC m=+0.689165542" connectionDb=mydb connectionID=1 error="savepoints are not supported in memory sessions"
time="2025-08-08T19:37:30Z" level=error msg="CreateSavepoint failed" connectTime="2025-08-08 19:37:30.986800618 +0000 UTC m=+0.689165542" connectionDb=mydb connectionID=1 error="savepoints are not supported in memory sessions"
time="2025-08-08T19:37:30Z" level=error msg="Unexpected error when calling ReleaseSavepoint during triggerRollbackIter.Close()" connectTime="2025-08-08 19:37:30.986800618 +0000 UTC m=+0.689165542" connectionDb=mydb connectionID=1 error="savepoints are not supported in memory sessions"
time="2025-08-08T19:37:30Z" level=info msg="Server closing listener. No longer accepting connections."
time="2025-08-08T19:37:30Z" level=info msg="Server ready. Accepting connections."
time="2025-08-08T19:37:30Z" level=warning msg="secure_file_priv is set to \"\", which is insecure."
time="2025-08-08T19:37:30Z" level=warning msg="Any user with GRANT FILE privileges will be able to read any file which the sql-server process can read."
time="2025-08-08T19:37:30Z" level=warning msg="Please consider restarting the server with secure_file_priv set to a safe (or non-existent) directory."
time="2025-08-08T19:37:30Z" level=info msg=NewConnection DisableClientMultiStatements=false connectionID=1
time="2025-08-08T19:37:30Z" level=error msg="CreateSavepoint failed" connectTime="2025-08-08 19:37:30.990811135 +0000 UTC m=+0.693176056" connectionDb=mydb connectionID=1 error="savepoints are not supported in memory sessions"
time="2025-08-08T19:37:30Z" level=error msg="Unexpected error when calling ReleaseSavepoint during triggerRollbackIter.Close()" connectTime="2025-08-08 19:37:30.990811135 +0000 UTC m=+0.693176056" connectionDb=mydb connectionID=1 error="savepoints are not supported in memory sessions"
time="2025-08-08T19:37:30Z" level=error msg="CreateSavepoint failed" connectTime="2025-08-08 19:37:30.990811135 +0000 UTC m=+0.693176056" connectionDb=mydb connectionID=1 error="savepoints are not supported in memory sessions"
time="2025-08-08T19:37:30Z" level=error msg="Unexpected error when calling ReleaseSavepoint during triggerRollbackIter.Close()" connectTime="2025-08-08 19:37:30.990811135 +0000 UTC m=+0.693176056" connectionDb=mydb connectionID=1 error="savepoints are not supported in memory sessions"
time="2025-08-08T19:37:30Z" level=info msg="Server closing listener. No longer accepting connections."
time="2025-08-08T19:37:30Z" level=info msg="Server ready. Accepting connections."
time="2025-08-08T19:37:30Z" level=warning msg="secure_file_priv is set to \"\", which is insecure."
time="2025-08-08T19:37:30Z" level=warning msg="Any user with GRANT FILE privileges will be able to read any file which the sql-server process can read."
time="2025-08-08T19:37:30Z" level=warning msg="Please consider restarting the server with secure_file_priv set to a safe (or non-existent) directory."
time="2025-08-08T19:37:30Z" level=info msg=NewConnection DisableClientMultiStatements=false connectionID=1
time="2025-08-08T19:37:30Z" level=error msg="CreateSavepoint failed" connectTime="2025-08-08 19:37:30.994432945 +0000 UTC m=+0.696797865" connectionDb=mydb connectionID=1 error="savepoints are not supported in memory sessions"
time="2025-08-08T19:37:30Z" level=error msg="Unexpected error when calling ReleaseSavepoint during triggerRollbackIter.Close()" connectTime="2025-08-08 19:37:30.994432945 +0000 UTC m=+0.696797865" connectionDb=mydb connectionID=1 error="savepoints are not supported in memory sessions"
time="2025-08-08T19:37:30Z" level=error msg="CreateSavepoint failed" connectTime="2025-08-08 19:37:30.994432945 +0000 UTC m=+0.696797865" connectionDb=mydb connectionID=1 error="savepoints are not supported in memory sessions"
time="2025-08-08T19:37:30Z" level=error msg="Unexpected error when calling ReleaseSavepoint during triggerRollbackIter.Close()" connectTime="2025-08-08 19:37:30.994432945 +0000 UTC m=+0.696797865" connectionDb=mydb connectionID=1 error="savepoints are not supported in memory sessions"
time="2025-08-08T19:37:30Z" level=error msg="CreateSavepoint failed" connectTime="2025-08-08 19:37:30.994432945 +0000 UTC m=+0.696797865" connectionDb=mydb connectionID=1 error="savepoints are not supported in memory sessions"
time="2025-08-08T19:37:30Z" level=error msg="Unexpected error when calling ReleaseSavepoint during triggerRollbackIter.Close()" connectTime="2025-08-08 19:37:30.994432945 +0000 UTC m=+0.696797865" connectionDb=mydb connectionID=1 error="savepoints are not supported in memory sessions"
time="2025-08-08T19:37:30Z" level=info msg="Server closing listener. No longer accepting connections."
time="2025-08-08T19:37:30Z" level=info msg="Server ready. Accepting connections."
time="2025-08-08T19:37:30Z" level=warning msg="secure_file_priv is set to \"\", which is insecure."
time="2025-08-08T19:37:30Z" level=warning msg="Any user with GRANT FILE privileges will be able to read any file which the sql-server process can read."
time="2025-08-08T19:37:30Z" level=warning msg="Please consider restarting the server with secure_file_priv set to a safe (or non-existent) directory."
time="2025-08-08T19:37:30Z" level=info msg=NewConnection DisableClientMultiStatements=false connectionID=1
time="2025-08-08T19:37:30Z" level=error msg="CreateSavepoint failed" connectTime="2025-08-08 19:37:30.998137434 +0000 UTC m=+0.700502353" connectionDb=mydb connectionID=1 error="savepoints are not supported in memory sessions"
time="2025-08-08T19:37:30Z" level=error msg="Unexpected error when calling ReleaseSavepoint during triggerRollbackIter.Close()" connectTime="2025-08-08 19:37:30.998137434 +0000 UTC m=+0.700502353" connectionDb=mydb connectionID=1 error="savepoints are not supported in memory sessions"
time="2025-08-08T19:37:31Z" level=error msg="CreateSavepoint failed" connectTime="2025-08-08 19:37:30.998137434 +0000 UTC m=+0.700502353" connectionDb=mydb connectionID=1 error="savepoints are not supported in memory sessions"
time="2025-08-08T19:37:31Z" level=error msg="Unexpected error when calling ReleaseSavepoint during triggerRollbackIter.Close()" connectTime="2025-08-08 19:37:30.998137434 +0000 UTC m=+0.700502353" connectionDb=mydb connectionID=1 error="savepoints are not supported in memory sessions"
time="2025-08-08T19:37:31Z" level=error msg="CreateSavepoint failed" connectTime="2025-08-08 19:37:30.998137434 +0000 UTC m=+0.700502353" connectionDb=mydb connectionID=1 error="savepoints are not supported in memory sessions"
time="2025-08-08T19:37:31Z" level=error msg="Unexpected error when calling ReleaseSavepoint during triggerRollbackIter.Close()" connectTime="2025-08-08 19:37:30.998137434 +0000 UTC m=+0.700502353" connectionDb=mydb connectionID=1 error="savepoints are not supported in memory sessions"
time="2025-08-08T19:37:31Z" level=info msg="Server closing listener. No longer accepting connections."
time="2025-08-08T19:37:31Z" level=info msg="Server ready. Accepting connections."
time="2025-08-08T19:37:31Z" level=warning msg="secure_file_priv is set to \"\", which is insecure."
time="2025-08-08T19:37:31Z" level=warning msg="Any user with GRANT FILE privileges will be able to read any file which the sql-server process can read."
time="2025-08-08T19:37:31Z" level=warning msg="Please consider restarting the server with secure_file_priv set to a safe (or non-existent) directory."
time="2025-08-08T19:37:31Z" level=info msg=NewConnection DisableClientMultiStatements=false connectionID=1
time="2025-08-08T19:37:31Z" level=info msg="Server closing listener. No longer accepting connections."
time="2025-08-08T19:37:31Z" level=info msg="Server ready. Accepting connections."
time="2025-08-08T19:37:31Z" level=warning msg="secure_file_priv is set to \"\", which is insecure."
time="2025-08-08T19:37:31Z" level=warning msg="Any user with GRANT FILE privileges will be able to read any file which the sql-server process can read."
time="2025-08-08T19:37:31Z" level=warning msg="Please consider restarting the server with secure_file_priv set to a safe (or non-existent) directory."
time="2025-08-08T19:37:31Z" level=info msg=NewConnection DisableClientMultiStatements=false connectionID=1
time="2025-08-08T19:37:31Z" level=info msg="Server closing listener. No longer accepting connections."
time="2025-08-08T19:37:31Z" level=info msg="Server ready. Accepting connections."
time="2025-08-08T19:37:31Z" level=warning msg="secure_file_priv is set to \"\", which is insecure."
time="2025-08-08T19:37:31Z" level=warning msg="Any user with GRANT FILE privileges will be able to read any file which the sql-server process can read."
time="2025-08-08T19:37:31Z" level=warning msg="Please consider restarting the server with secure_file_priv set to a safe (or non-existent) directory."
time="2025-08-08T19:37:31Z" level=info msg=NewConnection DisableClientMultiStatements=false connectionID=1
DEBUG: About to set Max1Row flag in getCostedIndexScan
DEBUG: About to set Max1Row flag in getCostedIndexScan
time="2025-08-08T19:37:31Z" level=info msg="Server closing listener. No longer accepting connections."
time="2025-08-08T19:37:31Z" level=info msg="Server ready. Accepting connections."
time="2025-08-08T19:37:31Z" level=warning msg="secure_file_priv is set to \"\", which is insecure."
time="2025-08-08T19:37:31Z" level=warning msg="Any user with GRANT FILE privileges will be able to read any file which the sql-server process can read."
time="2025-08-08T19:37:31Z" level=warning msg="Please consider restarting the server with secure_file_priv set to a safe (or non-existent) directory."
time="2025-08-08T19:37:31Z" level=info msg=NewConnection DisableClientMultiStatements=false connectionID=1
time="2025-08-08T19:37:31Z" level=error msg="unable to prepare query: cannot union two queries whose schemas are different lengths; left has 2 column(s) right has 3 column(s)." query="select i, k from `left` union select i, j, k from `right`"
time="2025-08-08T19:37:31Z" level=error msg="unable to prepare query: cannot union two queries whose schemas are different lengths; left has 2 column(s) right has 3 column(s). (errno 1105) (sqlstate HY000)"
time="2025-08-08T19:37:31Z" level=error msg="unable to prepare query: column \"j\" could not be found in any table in scope" query="table t1 union table t3 order by j;"
time="2025-08-08T19:37:31Z" level=error msg="unable to prepare query: column \"j\" could not be found in any table in scope (errno 1105) (sqlstate HY000)"
time="2025-08-08T19:37:31Z" level=error msg="unable to prepare query: Table 't1' from one of the SELECTs cannot be used in global ORDER clause" query="table t1 union table t2 order by t1.i;"
time="2025-08-08T19:37:31Z" level=error msg="unable to prepare query: Table 't1' from one of the SELECTs cannot be used in global ORDER clause (errno 1105) (sqlstate HY000)"
time="2025-08-08T19:37:31Z" level=error msg="unable to prepare query: Table 't2' from one of the SELECTs cannot be used in global ORDER clause" query="table t1 union table t2 order by t2.i;"
time="2025-08-08T19:37:31Z" level=error msg="unable to prepare query: Table 't2' from one of the SELECTs cannot be used in global ORDER clause (errno 1105) (sqlstate HY000)"
time="2025-08-08T19:37:31Z" level=error msg="unable to prepare query: Table 't3' from one of the SELECTs cannot be used in global ORDER clause" query="table t1 union table t3 order by t3.i;"
time="2025-08-08T19:37:31Z" level=error msg="unable to prepare query: Table 't3' from one of the SELECTs cannot be used in global ORDER clause (errno 1105) (sqlstate HY000)"
time="2025-08-08T19:37:31Z" level=error msg="unable to prepare query: Table 't3' from one of the SELECTs cannot be used in global ORDER clause" query="table t1 union table t3 order by t3.j;"
time="2025-08-08T19:37:31Z" level=error msg="unable to prepare query: Table 't3' from one of the SELECTs cannot be used in global ORDER clause (errno 1105) (sqlstate HY000)"
time="2025-08-08T19:37:31Z" level=error msg="unable to prepare query: Table 't1' from one of the SELECTs cannot be used in global ORDER clause" query="table t1 union table t3 order by t1.j;"
time="2025-08-08T19:37:31Z" level=error msg="unable to prepare query: Table 't1' from one of the SELECTs cannot be used in global ORDER clause (errno 1105) (sqlstate HY000)"
time="2025-08-08T19:37:31Z" level=info msg="Server closing listener. No longer accepting connections."
time="2025-08-08T19:37:31Z" level=info msg="Server ready. Accepting connections."
time="2025-08-08T19:37:31Z" level=warning msg="secure_file_priv is set to \"\", which is insecure."
time="2025-08-08T19:37:31Z" level=warning msg="Any user with GRANT FILE privileges will be able to read any file which the sql-server process can read."
time="2025-08-08T19:37:31Z" level=warning msg="Please consider restarting the server with secure_file_priv set to a safe (or non-existent) directory."
time="2025-08-08T19:37:31Z" level=info msg=NewConnection DisableClientMultiStatements=false connectionID=1
time="2025-08-08T19:37:31Z" level=error msg="unable to prepare query: Recursive Common Table Expression 'cte' should contain a UNION" query="with recursive cte (x,y) as (select 1, 1 intersect select 1, 1 intersect select x + 1, y + 2 from cte where x < 5) select * from cte;"
time="2025-08-08T19:37:31Z" level=error msg="unable to prepare query: Recursive Common Table Expression 'cte' should contain a UNION (errno 1105) (sqlstate HY000)"
time="2025-08-08T19:37:31Z" level=error msg="unable to prepare query: Recursive table reference in EXCEPT or INTERSECT operand is not allowed" query="with recursive cte (x,y) as (select 1, 1 union select 1, 1 intersect select x + 1, y + 2 from cte where x < 5) select * from cte;"
time="2025-08-08T19:37:31Z" level=error msg="unable to prepare query: Recursive table reference in EXCEPT or INTERSECT operand is not allowed (errno 1105) (sqlstate HY000)"
time="2025-08-08T19:37:31Z" level=info msg="Server closing listener. No longer accepting connections."
time="2025-08-08T19:37:31Z" level=info msg="Server ready. Accepting connections."
time="2025-08-08T19:37:31Z" level=warning msg="secure_file_priv is set to \"\", which is insecure."
time="2025-08-08T19:37:31Z" level=warning msg="Any user with GRANT FILE privileges will be able to read any file which the sql-server process can read."
time="2025-08-08T19:37:31Z" level=warning msg="Please consider restarting the server with secure_file_priv set to a safe (or non-existent) directory."
time="2025-08-08T19:37:31Z" level=info msg=NewConnection DisableClientMultiStatements=false connectionID=1
time="2025-08-08T19:37:31Z" level=info msg="Server closing listener. No longer accepting connections."
time="2025-08-08T19:37:31Z" level=info msg="Server ready. Accepting connections."
time="2025-08-08T19:37:31Z" level=warning msg="secure_file_priv is set to \"\", which is insecure."
time="2025-08-08T19:37:31Z" level=warning msg="Any user with GRANT FILE privileges will be able to read any file which the sql-server process can read."
time="2025-08-08T19:37:31Z" level=warning msg="Please consider restarting the server with secure_file_priv set to a safe (or non-existent) directory."
time="2025-08-08T19:37:31Z" level=info msg=NewConnection DisableClientMultiStatements=false connectionID=1
time="2025-08-08T19:37:31Z" level=info msg="Server closing listener. No longer accepting connections."
time="2025-08-08T19:37:31Z" level=info msg="Server ready. Accepting connections."
time="2025-08-08T19:37:31Z" level=warning msg="secure_file_priv is set to \"\", which is insecure."
time="2025-08-08T19:37:31Z" level=warning msg="Any user with GRANT FILE privileges will be able to read any file which the sql-server process can read."
time="2025-08-08T19:37:31Z" level=warning msg="Please consider restarting the server with secure_file_priv set to a safe (or non-existent) directory."
time="2025-08-08T19:37:31Z" level=info msg=NewConnection DisableClientMultiStatements=false connectionID=1
time="2025-08-08T19:37:31Z" level=info msg="Server closing listener. No longer accepting connections."
time="2025-08-08T19:37:31Z" level=info msg="Server ready. Accepting connections."
time="2025-08-08T19:37:31Z" level=warning msg="secure_file_priv is set to \"\", which is insecure."
time="2025-08-08T19:37:31Z" level=warning msg="Any user with GRANT FILE privileges will be able to read any file which the sql-server process can read."
time="2025-08-08T19:37:31Z" level=warning msg="Please consider restarting the server with secure_file_priv set to a safe (or non-existent) directory."
time="2025-08-08T19:37:31Z" level=info msg=NewConnection DisableClientMultiStatements=false connectionID=1
time="2025-08-08T19:37:31Z" level=info msg="Server closing listener. No longer accepting connections."
time="2025-08-08T19:37:31Z" level=info msg="Server ready. Accepting connections."
time="2025-08-08T19:37:31Z" level=warning msg="secure_file_priv is set to \"\", which is insecure."
time="2025-08-08T19:37:31Z" level=warning msg="Any user with GRANT FILE privileges will be able to read any file which the sql-server process can read."
time="2025-08-08T19:37:31Z" level=warning msg="Please consider restarting the server with secure_file_priv set to a safe (or non-existent) directory."
time="2025-08-08T19:37:31Z" level=info msg=NewConnection DisableClientMultiStatements=false connectionID=1
time="2025-08-08T19:37:31Z" level=info msg="Server closing listener. No longer accepting connections."
time="2025-08-08T19:37:31Z" level=info msg="Server ready. Accepting connections."
time="2025-08-08T19:37:31Z" level=warning msg="secure_file_priv is set to \"\", which is insecure."
time="2025-08-08T19:37:31Z" level=warning msg="Any user with GRANT FILE privileges will be able to read any file which the sql-server process can read."
time="2025-08-08T19:37:31Z" level=warning msg="Please consider restarting the server with secure_file_priv set to a safe (or non-existent) directory."
time="2025-08-08T19:37:31Z" level=info msg=NewConnection DisableClientMultiStatements=false connectionID=1
time="2025-08-08T19:37:31Z" level=info msg="Server closing listener. No longer accepting connections."
time="2025-08-08T19:37:31Z" level=info msg="Server ready. Accepting connections."
time="2025-08-08T19:37:31Z" level=warning msg="secure_file_priv is set to \"\", which is insecure."
time="2025-08-08T19:37:31Z" level=warning msg="Any user with GRANT FILE privileges will be able to read any file which the sql-server process can read."
time="2025-08-08T19:37:31Z" level=warning msg="Please consider restarting the server with secure_file_priv set to a safe (or non-existent) directory."
time="2025-08-08T19:37:31Z" level=info msg=NewConnection DisableClientMultiStatements=false connectionID=1
time="2025-08-08T19:37:31Z" level=info msg="Server closing listener. No longer accepting connections."
time="2025-08-08T19:37:31Z" level=info msg="Server ready. Accepting connections."
time="2025-08-08T19:37:31Z" level=warning msg="secure_file_priv is set to \"\", which is insecure."
time="2025-08-08T19:37:31Z" level=warning msg="Any user with GRANT FILE privileges will be able to read any file which the sql-server process can read."
time="2025-08-08T19:37:31Z" level=warning msg="Please consider restarting the server with secure_file_priv set to a safe (or non-existent) directory."
time="2025-08-08T19:37:31Z" level=info msg=NewConnection DisableClientMultiStatements=false connectionID=1
time="2025-08-08T19:37:31Z" level=info msg="Server closing listener. No longer accepting connections."
time="2025-08-08T19:37:31Z" level=info msg="Server ready. Accepting connections."
time="2025-08-08T19:37:31Z" level=warning msg="secure_file_priv is set to \"\", which is insecure."
time="2025-08-08T19:37:31Z" level=warning msg="Any user with GRANT FILE privileges will be able to read any file which the sql-server process can read."
time="2025-08-08T19:37:31Z" level=warning msg="Please consider restarting the server with secure_file_priv set to a safe (or non-existent) directory."
time="2025-08-08T19:37:31Z" level=info msg=NewConnection DisableClientMultiStatements=false connectionID=1
time="2025-08-08T19:37:31Z" level=info msg="Server closing listener. No longer accepting connections."
time="2025-08-08T19:37:31Z" level=info msg="Server ready. Accepting connections."
time="2025-08-08T19:37:31Z" level=warning msg="secure_file_priv is set to \"\", which is insecure."
time="2025-08-08T19:37:31Z" level=warning msg="Any user with GRANT FILE privileges will be able to read any file which the sql-server process can read."
time="2025-08-08T19:37:31Z" level=warning msg="Please consider restarting the server with secure_file_priv set to a safe (or non-existent) directory."
time="2025-08-08T19:37:31Z" level=info msg=NewConnection DisableClientMultiStatements=false connectionID=1
time="2025-08-08T19:37:31Z" level=info msg="Server closing listener. No longer accepting connections."
time="2025-08-08T19:37:31Z" level=info msg="Server ready. Accepting connections."
time="2025-08-08T19:37:31Z" level=warning msg="secure_file_priv is set to \"\", which is insecure."
time="2025-08-08T19:37:31Z" level=warning msg="Any user with GRANT FILE privileges will be able to read any file which the sql-server process can read."
time="2025-08-08T19:37:31Z" level=warning msg="Please consider restarting the server with secure_file_priv set to a safe (or non-existent) directory."
time="2025-08-08T19:37:31Z" level=info msg=NewConnection DisableClientMultiStatements=false connectionID=1
time="2025-08-08T19:37:31Z" level=info msg="Server closing listener. No longer accepting connections."
time="2025-08-08T19:37:31Z" level=info msg="Server ready. Accepting connections."
time="2025-08-08T19:37:31Z" level=warning msg="secure_file_priv is set to \"\", which is insecure."
time="2025-08-08T19:37:31Z" level=warning msg="Any user with GRANT FILE privileges will be able to read any file which the sql-server process can read."
time="2025-08-08T19:37:31Z" level=warning msg="Please consider restarting the server with secure_file_priv set to a safe (or non-existent) directory."
time="2025-08-08T19:37:31Z" level=info msg=NewConnection DisableClientMultiStatements=false connectionID=1
time="2025-08-08T19:37:31Z" level=info msg="Server closing listener. No longer accepting connections."
time="2025-08-08T19:37:31Z" level=info msg="Server ready. Accepting connections."
time="2025-08-08T19:37:31Z" level=warning msg="secure_file_priv is set to \"\", which is insecure."
time="2025-08-08T19:37:31Z" level=warning msg="Any user with GRANT FILE privileges will be able to read any file which the sql-server process can read."
time="2025-08-08T19:37:31Z" level=warning msg="Please consider restarting the server with secure_file_priv set to a safe (or non-existent) directory."
time="2025-08-08T19:37:31Z" level=info msg=NewConnection DisableClientMultiStatements=false connectionID=1
time="2025-08-08T19:37:31Z" level=info msg="Server closing listener. No longer accepting connections."
time="2025-08-08T19:37:31Z" level=info msg="Server ready. Accepting connections."
time="2025-08-08T19:37:31Z" level=warning msg="secure_file_priv is set to \"\", which is insecure."
time="2025-08-08T19:37:31Z" level=warning msg="Any user with GRANT FILE privileges will be able to read any file which the sql-server process can read."
time="2025-08-08T19:37:31Z" level=warning msg="Please consider restarting the server with secure_file_priv set to a safe (or non-existent) directory."
time="2025-08-08T19:37:31Z" level=info msg=NewConnection DisableClientMultiStatements=false connectionID=1
time="2025-08-08T19:37:31Z" level=info msg="Server closing listener. No longer accepting connections."
time="2025-08-08T19:37:31Z" level=info msg="Server ready. Accepting connections."
time="2025-08-08T19:37:31Z" level=warning msg="secure_file_priv is set to \"\", which is insecure."
time="2025-08-08T19:37:31Z" level=warning msg="Any user with GRANT FILE privileges will be able to read any file which the sql-server process can read."
time="2025-08-08T19:37:31Z" level=warning msg="Please consider restarting the server with secure_file_priv set to a safe (or non-existent) directory."
time="2025-08-08T19:37:31Z" level=info msg=NewConnection DisableClientMultiStatements=false connectionID=1
time="2025-08-08T19:37:31Z" level=info msg="Server closing listener. No longer accepting connections."
time="2025-08-08T19:37:31Z" level=info msg="Server ready. Accepting connections."
time="2025-08-08T19:37:31Z" level=warning msg="secure_file_priv is set to \"\", which is insecure."
time="2025-08-08T19:37:31Z" level=warning msg="Any user with GRANT FILE privileges will be able to read any file which the sql-server process can read."
time="2025-08-08T19:37:31Z" level=warning msg="Please consider restarting the server with secure_file_priv set to a safe (or non-existent) directory."
time="2025-08-08T19:37:31Z" level=info msg=NewConnection DisableClientMultiStatements=false connectionID=1
time="2025-08-08T19:37:31Z" level=info msg="Server closing listener. No longer accepting connections."
time="2025-08-08T19:37:31Z" level=info msg="Server ready. Accepting connections."
time="2025-08-08T19:37:31Z" level=warning msg="secure_file_priv is set to \"\", which is insecure."
time="2025-08-08T19:37:31Z" level=warning msg="Any user with GRANT FILE privileges will be able to read any file which the sql-server process can read."
time="2025-08-08T19:37:31Z" level=warning msg="Please consider restarting the server with secure_file_priv set to a safe (or non-existent) directory."
time="2025-08-08T19:37:31Z" level=info msg=NewConnection DisableClientMultiStatements=false connectionID=1
time="2025-08-08T19:37:31Z" level=info msg="Server closing listener. No longer accepting connections."
time="2025-08-08T19:37:31Z" level=info msg="Server ready. Accepting connections."
time="2025-08-08T19:37:31Z" level=warning msg="secure_file_priv is set to \"\", which is insecure."
time="2025-08-08T19:37:31Z" level=warning msg="Any user with GRANT FILE privileges will be able to read any file which the sql-server process can read."
time="2025-08-08T19:37:31Z" level=warning msg="Please consider restarting the server with secure_file_priv set to a safe (or non-existent) directory."
time="2025-08-08T19:37:31Z" level=info msg=NewConnection DisableClientMultiStatements=false connectionID=1
time="2025-08-08T19:37:31Z" level=info msg="Server closing listener. No longer accepting connections."
time="2025-08-08T19:37:31Z" level=info msg="Server ready. Accepting connections."
time="2025-08-08T19:37:31Z" level=warning msg="secure_file_priv is set to \"\", which is insecure."
time="2025-08-08T19:37:31Z" level=warning msg="Any user with GRANT FILE privileges will be able to read any file which the sql-server process can read."
time="2025-08-08T19:37:31Z" level=warning msg="Please consider restarting the server with secure_file_priv set to a safe (or non-existent) directory."
time="2025-08-08T19:37:31Z" level=info msg=NewConnection DisableClientMultiStatements=false connectionID=1
time="2025-08-08T19:37:31Z" level=warning msg="error running query" connectTime="2025-08-08 19:37:31.117783258 +0000 UTC m=+0.820148180" connectionDb=mydb connectionID=1 error="unable to parse '123' to UUID: invalid UUID length: 3"
time="2025-08-08T19:37:31Z" level=warning msg="error running query" connectTime="2025-08-08 19:37:31.117783258 +0000 UTC m=+0.820148180" connectionDb=mydb connectionID=1 error="unable to parse '123' to UUID: invalid UUID (got 3 bytes)"
time="2025-08-08T19:37:31Z" level=info msg="Server closing listener. No longer accepting connections."
time="2025-08-08T19:37:31Z" level=info msg="Server ready. Accepting connections."
time="2025-08-08T19:37:31Z" level=warning msg="secure_file_priv is set to \"\", which is insecure."
time="2025-08-08T19:37:31Z" level=warning msg="Any user with GRANT FILE privileges will be able to read any file which the sql-server process can read."
time="2025-08-08T19:37:31Z" level=warning msg="Please consider restarting the server with secure_file_priv set to a safe (or non-existent) directory."
time="2025-08-08T19:37:31Z" level=info msg=NewConnection DisableClientMultiStatements=false connectionID=1
time="2025-08-08T19:37:31Z" level=warning msg="error running query" connectTime="2025-08-08 19:37:31.122504211 +0000 UTC m=+0.824869132" connectionDb=mydb connectionID=1 error="Result consisted of more than one row" queryTime="2025-08-08 19:37:31.125282655 +0000 UTC m=+0.827647573"
time="2025-08-08T19:37:31Z" level=warning msg="error running query" connectTime="2025-08-08 19:37:31.122504211 +0000 UTC m=+0.824869132" connectionDb=mydb connectionID=1 error="Result consisted of more than one row" queryTime="2025-08-08 19:37:31.125539084 +0000 UTC m=+0.827904004"
time="2025-08-08T19:37:31Z" level=warning msg="error running query" connectTime="2025-08-08 19:37:31.122504211 +0000 UTC m=+0.824869132" connectionDb=mydb connectionID=1 error="The used SELECT statements have a different number of columns" queryTime="2025-08-08 19:37:31.125967471 +0000 UTC m=+0.828332390"
time="2025-08-08T19:37:31Z" level=info msg="Server closing listener. No longer accepting connections."
time="2025-08-08T19:37:31Z" level=info msg="Server ready. Accepting connections."
time="2025-08-08T19:37:31Z" level=warning msg="secure_file_priv is set to \"\", which is insecure."
time="2025-08-08T19:37:31Z" level=warning msg="Any user with GRANT FILE privileges will be able to read any file which the sql-server process can read."
time="2025-08-08T19:37:31Z" level=warning msg="Please consider restarting the server with secure_file_priv set to a safe (or non-existent) directory."
time="2025-08-08T19:37:31Z" level=info msg=NewConnection DisableClientMultiStatements=false connectionID=1
DEBUG: About to set Max1Row flag in getCostedIndexScan
DEBUG: About to set Max1Row flag in getCostedIndexScan
time="2025-08-08T19:37:31Z" level=info msg="Server closing listener. No longer accepting connections."
time="2025-08-08T19:37:31Z" level=info msg="Server ready. Accepting connections."
time="2025-08-08T19:37:31Z" level=warning msg="secure_file_priv is set to \"\", which is insecure."
time="2025-08-08T19:37:31Z" level=warning msg="Any user with GRANT FILE privileges will be able to read any file which the sql-server process can read."
time="2025-08-08T19:37:31Z" level=warning msg="Please consider restarting the server with secure_file_priv set to a safe (or non-existent) directory."
time="2025-08-08T19:37:31Z" level=info msg="Server closing listener. No longer accepting connections."
time="2025-08-08T19:37:31Z" level=info msg="Server ready. Accepting connections."
time="2025-08-08T19:37:31Z" level=warning msg="secure_file_priv is set to \"\", which is insecure."
time="2025-08-08T19:37:31Z" level=warning msg="Any user with GRANT FILE privileges will be able to read any file which the sql-server process can read."
time="2025-08-08T19:37:31Z" level=warning msg="Please consider restarting the server with secure_file_priv set to a safe (or non-existent) directory."
time="2025-08-08T19:37:31Z" level=info msg=NewConnection DisableClientMultiStatements=false connectionID=1
time="2025-08-08T19:37:31Z" level=info msg="Server closing listener. No longer accepting connections."
time="2025-08-08T19:37:31Z" level=info msg="Server ready. Accepting connections."
time="2025-08-08T19:37:31Z" level=warning msg="secure_file_priv is set to \"\", which is insecure."
time="2025-08-08T19:37:31Z" level=warning msg="Any user with GRANT FILE privileges will be able to read any file which the sql-server process can read."
time="2025-08-08T19:37:31Z" level=warning msg="Please consider restarting the server with secure_file_priv set to a safe (or non-existent) directory."
time="2025-08-08T19:37:31Z" level=info msg=NewConnection DisableClientMultiStatements=false connectionID=1
time="2025-08-08T19:37:31Z" level=info msg="Server closing listener. No longer accepting connections."
time="2025-08-08T19:37:31Z" level=info msg="Server ready. Accepting connections."
time="2025-08-08T19:37:31Z" level=warning msg="secure_file_priv is set to \"\", which is insecure."
time="2025-08-08T19:37:31Z" level=warning msg="Any user with GRANT FILE privileges will be able to read any file which the sql-server process can read."
time="2025-08-08T19:37:31Z" level=warning msg="Please consider restarting the server with secure_file_priv set to a safe (or non-existent) directory."
time="2025-08-08T19:37:31Z" level=info msg=NewConnection DisableClientMultiStatements=false connectionID=1
time="2025-08-08T19:37:31Z" level=info msg="Server closing listener. No longer accepting connections."
time="2025-08-08T19:37:31Z" level=info msg="Server ready. Accepting connections."
time="2025-08-08T19:37:31Z" level=warning msg="secure_file_priv is set to \"\", which is insecure."
time="2025-08-08T19:37:31Z" level=warning msg="Any user with GRANT FILE privileges will be able to read any file which the sql-server process can read."
time="2025-08-08T19:37:31Z" level=warning msg="Please consider restarting the server with secure_file_priv set to a safe (or non-existent) directory."
time="2025-08-08T19:37:31Z" level=info msg=NewConnection DisableClientMultiStatements=false connectionID=1
time="2025-08-08T19:37:31Z" level=info msg="Server closing listener. No longer accepting connections."
time="2025-08-08T19:37:31Z" level=info msg="Server ready. Accepting connections."
time="2025-08-08T19:37:31Z" level=warning msg="secure_file_priv is set to \"\", which is insecure."
time="2025-08-08T19:37:31Z" level=warning msg="Any user with GRANT FILE privileges will be able to read any file which the sql-server process can read."
time="2025-08-08T19:37:31Z" level=warning msg="Please consider restarting the server with secure_file_priv set to a safe (or non-existent) directory."
time="2025-08-08T19:37:31Z" level=info msg=NewConnection DisableClientMultiStatements=false connectionID=1
time="2025-08-08T19:37:31Z" level=info msg="Server closing listener. No longer accepting connections."
time="2025-08-08T19:37:31Z" level=info msg="Server ready. Accepting connections."
time="2025-08-08T19:37:31Z" level=warning msg="secure_file_priv is set to \"\", which is insecure."
time="2025-08-08T19:37:31Z" level=warning msg="Any user with GRANT FILE privileges will be able to read any file which the sql-server process can read."
time="2025-08-08T19:37:31Z" level=warning msg="Please consider restarting the server with secure_file_priv set to a safe (or non-existent) directory."
time="2025-08-08T19:37:31Z" level=info msg=NewConnection DisableClientMultiStatements=false connectionID=1
time="2025-08-08T19:37:31Z" level=info msg="Server closing listener. No longer accepting connections."
time="2025-08-08T19:37:31Z" level=info msg="Server ready. Accepting connections."
time="2025-08-08T19:37:31Z" level=warning msg="secure_file_priv is set to \"\", which is insecure."
time="2025-08-08T19:37:31Z" level=warning msg="Any user with GRANT FILE privileges will be able to read any file which the sql-server process can read."
time="2025-08-08T19:37:31Z" level=warning msg="Please consider restarting the server with secure_file_priv set to a safe (or non-existent) directory."
time="2025-08-08T19:37:31Z" level=info msg=NewConnection DisableClientMultiStatements=false connectionID=1
time="2025-08-08T19:37:31Z" level=info msg="Server closing listener. No longer accepting connections."
time="2025-08-08T19:37:31Z" level=info msg="Server ready. Accepting connections."
time="2025-08-08T19:37:31Z" level=warning msg="secure_file_priv is set to \"\", which is insecure."
time="2025-08-08T19:37:31Z" level=warning msg="Any user with GRANT FILE privileges will be able to read any file which the sql-server process can read."
time="2025-08-08T19:37:31Z" level=warning msg="Please consider restarting the server with secure_file_priv set to a safe (or non-existent) directory."
time="2025-08-08T19:37:31Z" level=info msg=NewConnection DisableClientMultiStatements=false connectionID=1
time="2025-08-08T19:37:31Z" level=info msg="Server closing listener. No longer accepting connections."
time="2025-08-08T19:37:31Z" level=info msg="Server ready. Accepting connections."
time="2025-08-08T19:37:31Z" level=warning msg="secure_file_priv is set to \"\", which is insecure."
time="2025-08-08T19:37:31Z" level=warning msg="Any user with GRANT FILE privileges will be able to read any file which the sql-server process can read."
time="2025-08-08T19:37:31Z" level=warning msg="Please consider restarting the server with secure_file_priv set to a safe (or non-existent) directory."
time="2025-08-08T19:37:31Z" level=info msg=NewConnection DisableClientMultiStatements=false connectionID=1
time="2025-08-08T19:37:31Z" level=info msg="Server closing listener. No longer accepting connections."
time="2025-08-08T19:37:31Z" level=info msg="Server ready. Accepting connections."
time="2025-08-08T19:37:31Z" level=warning msg="secure_file_priv is set to \"\", which is insecure."
time="2025-08-08T19:37:31Z" level=warning msg="Any user with GRANT FILE privileges will be able to read any file which the sql-server process can read."
time="2025-08-08T19:37:31Z" level=warning msg="Please consider restarting the server with secure_file_priv set to a safe (or non-existent) directory."
time="2025-08-08T19:37:31Z" level=info msg=NewConnection DisableClientMultiStatements=false connectionID=1
time="2025-08-08T19:37:31Z" level=warning msg="error running query" connectTime="2025-08-08 19:37:31.211214087 +0000 UTC m=+0.913579003" connectionDb=mydb connectionID=1 error="operand should have 1 columns, but has 3" queryTime="2025-08-08 19:37:31.217208083 +0000 UTC m=+0.919573002"
time="2025-08-08T19:37:31Z" level=warning msg="error running query" connectTime="2025-08-08 19:37:31.211214087 +0000 UTC m=+0.913579003" connectionDb=mydb connectionID=1 error="the subquery returned more than 1 row"
time="2025-08-08T19:37:31Z" level=info msg="Server closing listener. No longer accepting connections."
time="2025-08-08T19:37:31Z" level=info msg="Server ready. Accepting connections."
time="2025-08-08T19:37:31Z" level=warning msg="secure_file_priv is set to \"\", which is insecure."
time="2025-08-08T19:37:31Z" level=warning msg="Any user with GRANT FILE privileges will be able to read any file which the sql-server process can read."
time="2025-08-08T19:37:31Z" level=warning msg="Please consider restarting the server with secure_file_priv set to a safe (or non-existent) directory."
time="2025-08-08T19:37:31Z" level=info msg=NewConnection DisableClientMultiStatements=false connectionID=1
time="2025-08-08T19:37:31Z" level=info msg="Server closing listener. No longer accepting connections."
time="2025-08-08T19:37:31Z" level=info msg="Server ready. Accepting connections."
time="2025-08-08T19:37:31Z" level=warning msg="secure_file_priv is set to \"\", which is insecure."
time="2025-08-08T19:37:31Z" level=warning msg="Any user with GRANT FILE privileges will be able to read any file which the sql-server process can read."
time="2025-08-08T19:37:31Z" level=warning msg="Please consider restarting the server with secure_file_priv set to a safe (or non-existent) directory."
time="2025-08-08T19:37:31Z" level=info msg=NewConnection DisableClientMultiStatements=false connectionID=1
time="2025-08-08T19:37:31Z" level=info msg="Server closing listener. No longer accepting connections."
time="2025-08-08T19:37:31Z" level=info msg="Server ready. Accepting connections."
time="2025-08-08T19:37:31Z" level=warning msg="secure_file_priv is set to \"\", which is insecure."
time="2025-08-08T19:37:31Z" level=warning msg="Any user with GRANT FILE privileges will be able to read any file which the sql-server process can read."
time="2025-08-08T19:37:31Z" level=warning msg="Please consider restarting the server with secure_file_priv set to a safe (or non-existent) directory."
time="2025-08-08T19:37:31Z" level=info msg=NewConnection DisableClientMultiStatements=false connectionID=1
time="2025-08-08T19:37:31Z" level=warning msg="error running query" connectTime="2025-08-08 19:37:31.230794588 +0000 UTC m=+0.933159510" connectionDb=mydb connectionID=1 error="operand should have 1 columns, but has 2" queryTime="2025-08-08 19:37:31.23161069 +0000 UTC m=+0.933975605"
time="2025-08-08T19:37:31Z" level=warning msg="error running query" connectTime="2025-08-08 19:37:31.230794588 +0000 UTC m=+0.933159510" connectionDb=mydb connectionID=1 error="unable to sort: the subquery returned more than 1 row"
time="2025-08-08T19:37:31Z" level=info msg="Server closing listener. No longer accepting connections."
time="2025-08-08T19:37:31Z" level=info msg="Server ready. Accepting connections."
time="2025-08-08T19:37:31Z" level=warning msg="secure_file_priv is set to \"\", which is insecure."
time="2025-08-08T19:37:31Z" level=warning msg="Any user with GRANT FILE privileges will be able to read any file which the sql-server process can read."
time="2025-08-08T19:37:31Z" level=warning msg="Please consider restarting the server with secure_file_priv set to a safe (or non-existent) directory."
time="2025-08-08T19:37:31Z" level=info msg=NewConnection DisableClientMultiStatements=false connectionID=1
time="2025-08-08T19:37:31Z" level=warning msg="error running query" connectTime="2025-08-08 19:37:31.234470945 +0000 UTC m=+0.936835860" connectionDb=mydb connectionID=1 error="operand should have 1 columns, but has 2" queryTime="2025-08-08 19:37:31.239343636 +0000 UTC m=+0.941708551"
time="2025-08-08T19:37:31Z" level=info msg="Server closing listener. No longer accepting connections."
time="2025-08-08T19:37:31Z" level=info msg="Server ready. Accepting connections."
time="2025-08-08T19:37:31Z" level=warning msg="secure_file_priv is set to \"\", which is insecure."
time="2025-08-08T19:37:31Z" level=warning msg="Any user with GRANT FILE privileges will be able to read any file which the sql-server process can read."
time="2025-08-08T19:37:31Z" level=warning msg="Please consider restarting the server with secure_file_priv set to a safe (or non-existent) directory."
time="2025-08-08T19:37:31Z" level=info msg=NewConnection DisableClientMultiStatements=false connectionID=1
time="2025-08-08T19:37:31Z" level=info msg="Server closing listener. No longer accepting connections."
time="2025-08-08T19:37:31Z" level=info msg="Server ready. Accepting connections."
time="2025-08-08T19:37:31Z" level=warning msg="secure_file_priv is set to \"\", which is insecure."
time="2025-08-08T19:37:31Z" level=warning msg="Any user with GRANT FILE privileges will be able to read any file which the sql-server process can read."
time="2025-08-08T19:37:31Z" level=warning msg="Please consider restarting the server with secure_file_priv set to a safe (or non-existent) directory."
time="2025-08-08T19:37:31Z" level=info msg=NewConnection DisableClientMultiStatements=false connectionID=1
time="2025-08-08T19:37:31Z" level=info msg="Server closing listener. No longer accepting connections."
time="2025-08-08T19:37:31Z" level=info msg="Server ready. Accepting connections."
time="2025-08-08T19:37:31Z" level=warning msg="secure_file_priv is set to \"\", which is insecure."
time="2025-08-08T19:37:31Z" level=warning msg="Any user with GRANT FILE privileges will be able to read any file which the sql-server process can read."
time="2025-08-08T19:37:31Z" level=warning msg="Please consider restarting the server with secure_file_priv set to a safe (or non-existent) directory."
time="2025-08-08T19:37:31Z" level=info msg=NewConnection DisableClientMultiStatements=false connectionID=1
time="2025-08-08T19:37:31Z" level=error msg="unable to prepare query: table \"test\" does not have column \"v2\"" query="ALTER TABLE test ALTER v2 SET DEFAULT 1;"
time="2025-08-08T19:37:31Z" level=error msg="unable to prepare query: table \"test\" does not have column \"v2\" (errno 1105) (sqlstate HY000)"
time="2025-08-08T19:37:31Z" level=warning msg="error running query" connectTime="2025-08-08 19:37:31.250696693 +0000 UTC m=+0.953061627" connectionDb=mydb connectionID=1 error="table \"v2\" does not have column %!q(MISSING)" queryTime="2025-08-08 19:37:31.252557894 +0000 UTC m=+0.954922813"
time="2025-08-08T19:37:31Z" level=warning msg="error running query" connectTime="2025-08-08 19:37:31.250696693 +0000 UTC m=+0.953061627" connectionDb=mydb connectionID=1 error="table \"v1\" does not have column %!q(MISSING)" queryTime="2025-08-08 19:37:31.253552287 +0000 UTC m=+0.955917200"
time="2025-08-08T19:37:31Z" level=info msg="Server closing listener. No longer accepting connections."
time="2025-08-08T19:37:31Z" level=info msg="Server ready. Accepting connections."
time="2025-08-08T19:37:31Z" level=warning msg="secure_file_priv is set to \"\", which is insecure."
time="2025-08-08T19:37:31Z" level=warning msg="Any user with GRANT FILE privileges will be able to read any file which the sql-server process can read."
time="2025-08-08T19:37:31Z" level=warning msg="Please consider restarting the server with secure_file_priv set to a safe (or non-existent) directory."
time="2025-08-08T19:37:31Z" level=info msg=NewConnection DisableClientMultiStatements=false connectionID=1
time="2025-08-08T19:37:31Z" level=warning msg="error running query" connectTime="2025-08-08 19:37:31.255127968 +0000 UTC m=+0.957492887" connectionDb=mydb connectionID=1 error="expression 'tab1.col1' doesn't appear in the group by expressions" queryTime="2025-08-08 19:37:31.261742304 +0000 UTC m=+0.964107223"
time="2025-08-08T19:37:31Z" level=info msg="Server closing listener. No longer accepting connections."
time="2025-08-08T19:37:31Z" level=info msg="Server ready. Accepting connections."
time="2025-08-08T19:37:31Z" level=warning msg="secure_file_priv is set to \"\", which is insecure."
time="2025-08-08T19:37:31Z" level=warning msg="Any user with GRANT FILE privileges will be able to read any file which the sql-server process can read."
time="2025-08-08T19:37:31Z" level=warning msg="Please consider restarting the server with secure_file_priv set to a safe (or non-existent) directory."
time="2025-08-08T19:37:31Z" level=info msg=NewConnection DisableClientMultiStatements=false connectionID=1
time="2025-08-08T19:37:31Z" level=info msg="Server closing listener. No longer accepting connections."
time="2025-08-08T19:37:31Z" level=info msg="Server ready. Accepting connections."
time="2025-08-08T19:37:31Z" level=warning msg="secure_file_priv is set to \"\", which is insecure."
time="2025-08-08T19:37:31Z" level=warning msg="Any user with GRANT FILE privileges will be able to read any file which the sql-server process can read."
time="2025-08-08T19:37:31Z" level=warning msg="Please consider restarting the server with secure_file_priv set to a safe (or non-existent) directory."
time="2025-08-08T19:37:31Z" level=info msg=NewConnection DisableClientMultiStatements=false connectionID=1
time="2025-08-08T19:37:31Z" level=info msg="Server closing listener. No longer accepting connections."
time="2025-08-08T19:37:31Z" level=info msg="Server ready. Accepting connections."
time="2025-08-08T19:37:31Z" level=warning msg="secure_file_priv is set to \"\", which is insecure."
time="2025-08-08T19:37:31Z" level=warning msg="Any user with GRANT FILE privileges will be able to read any file which the sql-server process can read."
time="2025-08-08T19:37:31Z" level=warning msg="Please consider restarting the server with secure_file_priv set to a safe (or non-existent) directory."
time="2025-08-08T19:37:31Z" level=info msg=NewConnection DisableClientMultiStatements=false connectionID=1
time="2025-08-08T19:37:31Z" level=info msg="Server closing listener. No longer accepting connections."
time="2025-08-08T19:37:31Z" level=info msg="Server ready. Accepting connections."
time="2025-08-08T19:37:31Z" level=warning msg="secure_file_priv is set to \"\", which is insecure."
time="2025-08-08T19:37:31Z" level=warning msg="Any user with GRANT FILE privileges will be able to read any file which the sql-server process can read."
time="2025-08-08T19:37:31Z" level=warning msg="Please consider restarting the server with secure_file_priv set to a safe (or non-existent) directory."
time="2025-08-08T19:37:31Z" level=info msg=NewConnection DisableClientMultiStatements=false connectionID=1
time="2025-08-08T19:37:31Z" level=info msg="Server closing listener. No longer accepting connections."
time="2025-08-08T19:37:31Z" level=info msg="Server ready. Accepting connections."
time="2025-08-08T19:37:31Z" level=warning msg="secure_file_priv is set to \"\", which is insecure."
time="2025-08-08T19:37:31Z" level=warning msg="Any user with GRANT FILE privileges will be able to read any file which the sql-server process can read."
time="2025-08-08T19:37:31Z" level=warning msg="Please consider restarting the server with secure_file_priv set to a safe (or non-existent) directory."
time="2025-08-08T19:37:31Z" level=info msg=NewConnection DisableClientMultiStatements=false connectionID=1
time="2025-08-08T19:37:31Z" level=info msg="Server closing listener. No longer accepting connections."
time="2025-08-08T19:37:31Z" level=info msg="Server ready. Accepting connections."
time="2025-08-08T19:37:31Z" level=warning msg="secure_file_priv is set to \"\", which is insecure."
time="2025-08-08T19:37:31Z" level=warning msg="Any user with GRANT FILE privileges will be able to read any file which the sql-server process can read."
time="2025-08-08T19:37:31Z" level=warning msg="Please consider restarting the server with secure_file_priv set to a safe (or non-existent) directory."
time="2025-08-08T19:37:31Z" level=info msg=NewConnection DisableClientMultiStatements=false connectionID=1
time="2025-08-08T19:37:31Z" level=info msg="Server closing listener. No longer accepting connections."
time="2025-08-08T19:37:31Z" level=info msg="Server ready. Accepting connections."
time="2025-08-08T19:37:31Z" level=warning msg="secure_file_priv is set to \"\", which is insecure."
time="2025-08-08T19:37:31Z" level=warning msg="Any user with GRANT FILE privileges will be able to read any file which the sql-server process can read."
time="2025-08-08T19:37:31Z" level=warning msg="Please consider restarting the server with secure_file_priv set to a safe (or non-existent) directory."
time="2025-08-08T19:37:31Z" level=info msg=NewConnection DisableClientMultiStatements=false connectionID=1
time="2025-08-08T19:37:31Z" level=info msg="Server closing listener. No longer accepting connections."
time="2025-08-08T19:37:31Z" level=info msg="Server ready. Accepting connections."
time="2025-08-08T19:37:31Z" level=warning msg="secure_file_priv is set to \"\", which is insecure."
time="2025-08-08T19:37:31Z" level=warning msg="Any user with GRANT FILE privileges will be able to read any file which the sql-server process can read."
time="2025-08-08T19:37:31Z" level=warning msg="Please consider restarting the server with secure_file_priv set to a safe (or non-existent) directory."
time="2025-08-08T19:37:31Z" level=info msg=NewConnection DisableClientMultiStatements=false connectionID=1
DEBUG: About to set Max1Row flag in getCostedIndexScan
time="2025-08-08T19:37:31Z" level=info msg="Server closing listener. No longer accepting connections."
time="2025-08-08T19:37:31Z" level=info msg="Server ready. Accepting connections."
time="2025-08-08T19:37:31Z" level=warning msg="secure_file_priv is set to \"\", which is insecure."
time="2025-08-08T19:37:31Z" level=warning msg="Any user with GRANT FILE privileges will be able to read any file which the sql-server process can read."
time="2025-08-08T19:37:31Z" level=warning msg="Please consider restarting the server with secure_file_priv set to a safe (or non-existent) directory."
time="2025-08-08T19:37:31Z" level=info msg=NewConnection DisableClientMultiStatements=false connectionID=1
time="2025-08-08T19:37:31Z" level=info msg="Server closing listener. No longer accepting connections."
time="2025-08-08T19:37:31Z" level=info msg="Server ready. Accepting connections."
time="2025-08-08T19:37:31Z" level=warning msg="secure_file_priv is set to \"\", which is insecure."
time="2025-08-08T19:37:31Z" level=warning msg="Any user with GRANT FILE privileges will be able to read any file which the sql-server process can read."
time="2025-08-08T19:37:31Z" level=warning msg="Please consider restarting the server with secure_file_priv set to a safe (or non-existent) directory."
time="2025-08-08T19:37:31Z" level=info msg=NewConnection DisableClientMultiStatements=false connectionID=1
time="2025-08-08T19:37:31Z" level=info msg="Server closing listener. No longer accepting connections."
time="2025-08-08T19:37:31Z" level=info msg="Server ready. Accepting connections."
time="2025-08-08T19:37:31Z" level=warning msg="secure_file_priv is set to \"\", which is insecure."
time="2025-08-08T19:37:31Z" level=warning msg="Any user with GRANT FILE privileges will be able to read any file which the sql-server process can read."
time="2025-08-08T19:37:31Z" level=warning msg="Please consider restarting the server with secure_file_priv set to a safe (or non-existent) directory."
time="2025-08-08T19:37:31Z" level=info msg=NewConnection DisableClientMultiStatements=false connectionID=1
DEBUG: About to set Max1Row flag in getCostedIndexScan
time="2025-08-08T19:37:31Z" level=info msg="Server closing listener. No longer accepting connections."
time="2025-08-08T19:37:31Z" level=info msg="Server ready. Accepting connections."
time="2025-08-08T19:37:31Z" level=warning msg="secure_file_priv is set to \"\", which is insecure."
time="2025-08-08T19:37:31Z" level=warning msg="Any user with GRANT FILE privileges will be able to read any file which the sql-server process can read."
time="2025-08-08T19:37:31Z" level=warning msg="Please consider restarting the server with secure_file_priv set to a safe (or non-existent) directory."
time="2025-08-08T19:37:31Z" level=info msg=NewConnection DisableClientMultiStatements=false connectionID=1
time="2025-08-08T19:37:31Z" level=info msg="Server closing listener. No longer accepting connections."
time="2025-08-08T19:37:31Z" level=info msg="Server ready. Accepting connections."
time="2025-08-08T19:37:31Z" level=warning msg="secure_file_priv is set to \"\", which is insecure."
time="2025-08-08T19:37:31Z" level=warning msg="Any user with GRANT FILE privileges will be able to read any file which the sql-server process can read."
time="2025-08-08T19:37:31Z" level=warning msg="Please consider restarting the server with secure_file_priv set to a safe (or non-existent) directory."
time="2025-08-08T19:37:31Z" level=info msg=NewConnection DisableClientMultiStatements=false connectionID=1
time="2025-08-08T19:37:31Z" level=info msg="Server closing listener. No longer accepting connections."
time="2025-08-08T19:37:31Z" level=info msg="Server ready. Accepting connections."
